<?xml version="1.0" encoding="UTF-8"?>
<testng-results skipped="0" failed="0" total="10" passed="10">
  <reporter-output>
  </reporter-output>
  <suite name="Default Suite" duration-ms="1088" started-at="2017-04-21T04:40:15Z" finished-at="2017-04-21T04:40:16Z">
    <groups>
      <group name="fast">
        <method signature="TestEnvironmentSetup.test(java.lang.String)[pri:0, instance:TestEnvironmentSetup@59a6e353]" name="test" class="TestEnvironmentSetup"/>
      </group> <!-- fast -->
      <group name="slow">
        <method signature="TestEnvironmentSetup.test2()[pri:0, instance:TestEnvironmentSetup@59a6e353]" name="test2" class="TestEnvironmentSetup"/>
      </group> <!-- slow -->
    </groups>
    <test name="airavata" duration-ms="1088" started-at="2017-04-21T04:40:15Z" finished-at="2017-04-21T04:40:16Z">
      <class name="TestEnvironmentSetup">
        <test-method status="PASS" signature="credentials()[pri:0, instance:TestEnvironmentSetup@59a6e353]" name="credentials" is-config="true" duration-ms="28" started-at="2017-04-21T00:40:15Z" finished-at="2017-04-21T00:40:15Z">
          <reporter-output>
          </reporter-output>
        </test-method> <!-- credentials -->
        <test-method status="PASS" signature="test(java.lang.String)[pri:0, instance:TestEnvironmentSetup@59a6e353]" name="test" duration-ms="3" started-at="2017-04-21T00:40:15Z" description="test" data-provider="DataProvider" finished-at="2017-04-21T00:40:15Z">
          <params>
            <param index="0">
              <value>
                <![CDATA[myName1]]>
              </value>
            </param>
          </params>
          <reporter-output>
          </reporter-output>
        </test-method> <!-- test -->
        <test-method status="PASS" signature="test(java.lang.String)[pri:0, instance:TestEnvironmentSetup@59a6e353]" name="test" duration-ms="3" started-at="2017-04-21T00:40:15Z" description="test" data-provider="DataProvider" finished-at="2017-04-21T00:40:15Z">
          <params>
            <param index="0">
              <value>
                <![CDATA[myName1]]>
              </value>
            </param>
          </params>
          <reporter-output>
          </reporter-output>
        </test-method> <!-- test -->
        <test-method status="PASS" signature="test(java.lang.String)[pri:0, instance:TestEnvironmentSetup@59a6e353]" name="test" duration-ms="3" started-at="2017-04-21T00:40:15Z" description="test" data-provider="DataProvider" finished-at="2017-04-21T00:40:15Z">
          <params>
            <param index="0">
              <value>
                <![CDATA[myName1]]>
              </value>
            </param>
          </params>
          <reporter-output>
          </reporter-output>
        </test-method> <!-- test -->
        <test-method status="PASS" signature="test(java.lang.String)[pri:0, instance:TestEnvironmentSetup@59a6e353]" name="test" duration-ms="1" started-at="2017-04-21T00:40:15Z" description="test" data-provider="DataProvider" finished-at="2017-04-21T00:40:15Z">
          <params>
            <param index="0">
              <value>
                <![CDATA[myName2]]>
              </value>
            </param>
          </params>
          <reporter-output>
          </reporter-output>
        </test-method> <!-- test -->
        <test-method status="PASS" signature="test(java.lang.String)[pri:0, instance:TestEnvironmentSetup@59a6e353]" name="test" duration-ms="1" started-at="2017-04-21T00:40:15Z" description="test" data-provider="DataProvider" finished-at="2017-04-21T00:40:15Z">
          <params>
            <param index="0">
              <value>
                <![CDATA[myName2]]>
              </value>
            </param>
          </params>
          <reporter-output>
          </reporter-output>
        </test-method> <!-- test -->
        <test-method status="PASS" signature="test(java.lang.String)[pri:0, instance:TestEnvironmentSetup@59a6e353]" name="test" duration-ms="1" started-at="2017-04-21T00:40:15Z" description="test" data-provider="DataProvider" finished-at="2017-04-21T00:40:15Z">
          <params>
            <param index="0">
              <value>
                <![CDATA[myName2]]>
              </value>
            </param>
          </params>
          <reporter-output>
          </reporter-output>
        </test-method> <!-- test -->
        <test-method status="PASS" signature="test(java.lang.String)[pri:0, instance:TestEnvironmentSetup@59a6e353]" name="test" duration-ms="1" started-at="2017-04-21T00:40:15Z" description="test" data-provider="DataProvider" finished-at="2017-04-21T00:40:15Z">
          <params>
            <param index="0">
              <value>
                <![CDATA[myName3]]>
              </value>
            </param>
          </params>
          <reporter-output>
          </reporter-output>
        </test-method> <!-- test -->
        <test-method status="PASS" signature="test(java.lang.String)[pri:0, instance:TestEnvironmentSetup@59a6e353]" name="test" duration-ms="1" started-at="2017-04-21T00:40:15Z" description="test" data-provider="DataProvider" finished-at="2017-04-21T00:40:15Z">
          <params>
            <param index="0">
              <value>
                <![CDATA[myName3]]>
              </value>
            </param>
          </params>
          <reporter-output>
          </reporter-output>
        </test-method> <!-- test -->
        <test-method status="PASS" signature="test(java.lang.String)[pri:0, instance:TestEnvironmentSetup@59a6e353]" name="test" duration-ms="0" started-at="2017-04-21T00:40:15Z" description="test" data-provider="DataProvider" finished-at="2017-04-21T00:40:15Z">
          <params>
            <param index="0">
              <value>
                <![CDATA[myName3]]>
              </value>
            </param>
          </params>
          <reporter-output>
          </reporter-output>
        </test-method> <!-- test -->
        <test-method status="PASS" signature="test2()[pri:0, instance:TestEnvironmentSetup@59a6e353]" name="test2" duration-ms="1011" started-at="2017-04-21T00:40:15Z" description="test2" finished-at="2017-04-21T00:40:16Z">
          <reporter-output>
          </reporter-output>
        </test-method> <!-- test2 -->
      </class> <!-- TestEnvironmentSetup -->
    </test> <!-- airavata -->
  </suite> <!-- Default Suite -->
</testng-results>
